<?xml version="1.0" encoding="UTF-8"?>
<testng-results skipped="0" failed="0" total="1" passed="1">
  <reporter-output>
  </reporter-output>
  <suite name="Login In LinkedIn" duration-ms="26976" started-at="2016-03-23T11:56:17Z" finished-at="2016-03-23T11:56:44Z">
    <groups>
    </groups>
    <test name="Test to login in linkedin" duration-ms="26976" started-at="2016-03-23T11:56:17Z" finished-at="2016-03-23T11:56:44Z">
      <class name="com.linkedInTest.tests.LoginTest">
        <test-method status="PASS" signature="fetchSuiteConfiguration(org.testng.ITestContext)[pri:0, instance:com.linkedInTest.tests.LoginTest@39ba5a14]" name="fetchSuiteConfiguration" is-config="true" duration-ms="20" started-at="2016-03-23T17:26:17Z" finished-at="2016-03-23T17:26:17Z">
          <params>
            <param index="0">
              <value>
                <![CDATA[org.testng.TestRunner@7946e1f4]]>
              </value>
            </param>
          </params>
          <reporter-output>
          </reporter-output>
        </test-method> <!-- fetchSuiteConfiguration -->
        <test-method status="PASS" signature="setUp(java.lang.reflect.Method)[pri:0, instance:com.linkedInTest.tests.LoginTest@39ba5a14]" name="setUp" is-config="true" duration-ms="16220" started-at="2016-03-23T17:26:17Z" finished-at="2016-03-23T17:26:34Z">
          <params>
            <param index="0">
              <value>
                <![CDATA[public void com.linkedInTest.tests.LoginTest.login()]]>
              </value>
            </param>
          </params>
          <reporter-output>
          </reporter-output>
        </test-method> <!-- setUp -->
        <test-method status="PASS" signature="login()[pri:0, instance:com.linkedInTest.tests.LoginTest@39ba5a14]" name="login" duration-ms="10360" started-at="2016-03-23T17:26:34Z" finished-at="2016-03-23T17:26:44Z">
          <reporter-output>
          </reporter-output>
        </test-method> <!-- login -->
        <test-method status="PASS" signature="setScreenshot(org.testng.ITestResult)[pri:0, instance:com.linkedInTest.tests.LoginTest@39ba5a14]" name="setScreenshot" is-config="true" duration-ms="355" started-at="2016-03-23T17:26:44Z" finished-at="2016-03-23T17:26:44Z">
          <params>
            <param index="0">
              <value>
                <![CDATA[[TestResult name=login status=SUCCESS method=LoginTest.login()[pri:0, instance:com.linkedInTest.tests.LoginTest@39ba5a14] output={null}]]]>
              </value>
            </param>
          </params>
          <reporter-output>
          </reporter-output>
        </test-method> <!-- setScreenshot -->
      </class> <!-- com.linkedInTest.tests.LoginTest -->
    </test> <!-- Test to login in linkedin -->
  </suite> <!-- Login In LinkedIn -->
  <suite name="Login in LinkedIn" duration-ms="0" started-at="2016-03-23T11:56:44Z" finished-at="2016-03-23T11:56:44Z">
    <groups>
    </groups>
  </suite> <!-- Login in LinkedIn -->
</testng-results>
